[09-Jul-2021 13:14:37 UTC] PHP Fatal error:  Uncaught Error: Call to undefined function get_templete_directory_uri() in /Users/takayuki/Local Sites/mysite/app/public/wp-content/themes/myblog/header.php:7
Stack trace:
#0 /Users/takayuki/Local Sites/mysite/app/public/wp-includes/template.php(730): require_once()
#1 /Users/takayuki/Local Sites/mysite/app/public/wp-includes/template.php(676): load_template('/Users/takayuki...', true, Array)
#2 /Users/takayuki/Local Sites/mysite/app/public/wp-includes/general-template.php(48): locate_template(Array, true, true, Array)
#3 /Users/takayuki/Local Sites/mysite/app/public/wp-content/themes/myblog/index.php(5): get_header()
#4 /Users/takayuki/Local Sites/mysite/app/public/wp-includes/template-loader.php(106): include('/Users/takayuki...')
#5 /Users/takayuki/Local Sites/mysite/app/public/wp-blog-header.php(19): require_once('/Users/takayuki...')
#6 /Users/takayuki/Local Sites/mysite/app/public/index.php(17): require('/Users/takayuki...')
#7 {main}
  thrown in /Users/takayuki/Local Sites/mysite/app/public/wp-content/themes/myblog/header.php on line 7
[09-Jul-2021 13:14:49 UTC] PHP Fatal error:  Uncaught Error: Call to undefined function get_templete_directory_uri() in /Users/takayuki/Local Sites/mysite/app/public/wp-content/themes/myblog/header.php:7
Stack trace:
#0 /Users/takayuki/Local Sites/mysite/app/public/wp-includes/template.php(730): require_once()
#1 /Users/takayuki/Local Sites/mysite/app/public/wp-includes/template.php(676): load_template('/Users/takayuki...', true, Array)
#2 /Users/takayuki/Local Sites/mysite/app/public/wp-includes/general-template.php(48): locate_template(Array, true, true, Array)
#3 /Users/takayuki/Local Sites/mysite/app/public/wp-content/themes/myblog/index.php(5): get_header()
#4 /Users/takayuki/Local Sites/mysite/app/public/wp-includes/template-loader.php(106): include('/Users/takayuki...')
#5 /Users/takayuki/Local Sites/mysite/app/public/wp-blog-header.php(19): require_once('/Users/takayuki...')
#6 /Users/takayuki/Local Sites/mysite/app/public/index.php(17): require('/Users/takayuki...')
#7 {main}
  thrown in /Users/takayuki/Local Sites/mysite/app/public/wp-content/themes/myblog/header.php on line 7
