[28-Jun-2021 22:41:56] NOTICE: fpm is running, pid 2352
[28-Jun-2021 22:41:56] NOTICE: ready to handle connections
[28-Jun-2021 23:15:55] NOTICE: Terminating ...
[28-Jun-2021 23:15:55] NOTICE: Terminating ...
[28-Jun-2021 23:15:55] NOTICE: exiting, bye-bye!
[29-Jun-2021 21:31:23] NOTICE: fpm is running, pid 1623
[29-Jun-2021 21:31:23] NOTICE: ready to handle connections
[01-Jul-2021 22:53:40] NOTICE: Terminating ...
[01-Jul-2021 22:53:40] NOTICE: Terminating ...
[01-Jul-2021 22:53:40] NOTICE: exiting, bye-bye!
[02-Jul-2021 09:04:00] NOTICE: fpm is running, pid 1603
[02-Jul-2021 09:04:00] NOTICE: ready to handle connections
[02-Jul-2021 09:32:40] NOTICE: Terminating ...
[02-Jul-2021 09:32:40] NOTICE: Terminating ...
[02-Jul-2021 09:32:40] NOTICE: exiting, bye-bye!
[05-Jul-2021 21:19:33] NOTICE: fpm is running, pid 1295
[05-Jul-2021 21:19:33] NOTICE: ready to handle connections
[06-Jul-2021 09:46:17] NOTICE: Terminating ...
[06-Jul-2021 09:46:17] NOTICE: Terminating ...
[06-Jul-2021 09:46:17] NOTICE: exiting, bye-bye!
[06-Jul-2021 21:23:25] NOTICE: fpm is running, pid 1049
[06-Jul-2021 21:23:25] NOTICE: ready to handle connections
[06-Jul-2021 21:58:49] NOTICE: Terminating ...
[06-Jul-2021 21:58:49] NOTICE: Terminating ...
[06-Jul-2021 21:58:49] NOTICE: exiting, bye-bye!
[07-Jul-2021 21:40:08] NOTICE: fpm is running, pid 2004
[07-Jul-2021 21:40:08] NOTICE: ready to handle connections
[07-Jul-2021 22:10:24] NOTICE: Terminating ...
[07-Jul-2021 22:10:24] NOTICE: Terminating ...
[07-Jul-2021 22:10:24] NOTICE: exiting, bye-bye!
[08-Jul-2021 21:49:15] NOTICE: fpm is running, pid 1720
[08-Jul-2021 21:49:15] NOTICE: ready to handle connections
[09-Jul-2021 22:25:15] NOTICE: Terminating ...
[09-Jul-2021 22:25:15] NOTICE: Terminating ...
[09-Jul-2021 22:25:15] NOTICE: exiting, bye-bye!
[13-Jul-2021 21:16:47] NOTICE: fpm is running, pid 3718
[13-Jul-2021 21:16:47] NOTICE: ready to handle connections
[13-Jul-2021 22:42:09] NOTICE: Terminating ...
[13-Jul-2021 22:42:09] NOTICE: Terminating ...
[13-Jul-2021 22:42:09] NOTICE: exiting, bye-bye!
[14-Jul-2021 21:12:50] NOTICE: fpm is running, pid 2859
[14-Jul-2021 21:12:50] NOTICE: ready to handle connections
[16-Jul-2021 09:41:39] NOTICE: Terminating ...
[16-Jul-2021 09:41:39] NOTICE: Terminating ...
[16-Jul-2021 09:41:39] NOTICE: exiting, bye-bye!
[19-Jul-2021 22:05:30] NOTICE: fpm is running, pid 3408
[19-Jul-2021 22:05:30] NOTICE: ready to handle connections
[19-Jul-2021 22:44:40] NOTICE: Terminating ...
[19-Jul-2021 22:44:40] NOTICE: Terminating ...
[19-Jul-2021 22:44:40] NOTICE: exiting, bye-bye!
[20-Jul-2021 22:12:22] NOTICE: fpm is running, pid 2965
[20-Jul-2021 22:12:22] NOTICE: ready to handle connections
[20-Jul-2021 22:26:41] NOTICE: Terminating ...
[20-Jul-2021 22:26:41] NOTICE: Terminating ...
[20-Jul-2021 22:26:41] NOTICE: exiting, bye-bye!
[21-Jul-2021 21:23:19] NOTICE: fpm is running, pid 5127
[21-Jul-2021 21:23:19] NOTICE: ready to handle connections
