AH00558: httpd: Could not reliably determine the server's fully qualified domain name, using sakaguchitakashikounoMacBook-Pro.local. Set the 'ServerName' directive globally to suppress this message
[Mon Jun 28 22:42:02.727373 2021] [mpm_event:notice] [pid 2354:tid 4567887296] AH00489: Apache/2.4.43 (Unix) configured -- resuming normal operations
[Mon Jun 28 22:42:02.727816 2021] [core:notice] [pid 2354:tid 4567887296] AH00094: Command line: '/Users/takayuki/Library/Application Support/Local/lightning-services/apache-2.4.43+6/bin/darwin/bin/httpd -D FOREGROUND -f /Users/takayuki/Library/Application Support/Local/run/oWRLSKAu7/conf/apache/apache2.conf'
[Mon Jun 28 23:15:56.005405 2021] [mpm_event:notice] [pid 2354:tid 4567887296] AH00491: caught SIGTERM, shutting down
AH00558: httpd: Could not reliably determine the server's fully qualified domain name, using sakaguchitakashikounoMacBook-Pro.local. Set the 'ServerName' directive globally to suppress this message
[Tue Jun 29 21:31:23.396927 2021] [mpm_event:notice] [pid 1625:tid 4634492352] AH00489: Apache/2.4.43 (Unix) configured -- resuming normal operations
[Tue Jun 29 21:31:23.397313 2021] [core:notice] [pid 1625:tid 4634492352] AH00094: Command line: '/Users/takayuki/Library/Application Support/Local/lightning-services/apache-2.4.43+6/bin/darwin/bin/httpd -D FOREGROUND -f /Users/takayuki/Library/Application Support/Local/run/oWRLSKAu7/conf/apache/apache2.conf'
[Thu Jul 01 22:53:40.771364 2021] [mpm_event:notice] [pid 1625:tid 4634492352] AH00491: caught SIGTERM, shutting down
AH00558: httpd: Could not reliably determine the server's fully qualified domain name, using sakaguchitakashikounoMacBook-Pro.local. Set the 'ServerName' directive globally to suppress this message
[Fri Jul 02 09:04:01.074776 2021] [mpm_event:notice] [pid 1605:tid 4498898368] AH00489: Apache/2.4.43 (Unix) configured -- resuming normal operations
[Fri Jul 02 09:04:01.075301 2021] [core:notice] [pid 1605:tid 4498898368] AH00094: Command line: '/Users/takayuki/Library/Application Support/Local/lightning-services/apache-2.4.43+6/bin/darwin/bin/httpd -D FOREGROUND -f /Users/takayuki/Library/Application Support/Local/run/oWRLSKAu7/conf/apache/apache2.conf'
[Fri Jul 02 09:32:40.089160 2021] [mpm_event:notice] [pid 1605:tid 4498898368] AH00491: caught SIGTERM, shutting down
AH00558: httpd: Could not reliably determine the server's fully qualified domain name, using sakaguchitakashikounoMacBook-Pro.local. Set the 'ServerName' directive globally to suppress this message
[Mon Jul 05 21:19:33.992080 2021] [mpm_event:notice] [pid 1297:tid 4737306048] AH00489: Apache/2.4.43 (Unix) configured -- resuming normal operations
[Mon Jul 05 21:19:33.992436 2021] [core:notice] [pid 1297:tid 4737306048] AH00094: Command line: '/Users/takayuki/Library/Application Support/Local/lightning-services/apache-2.4.43+6/bin/darwin/bin/httpd -D FOREGROUND -f /Users/takayuki/Library/Application Support/Local/run/oWRLSKAu7/conf/apache/apache2.conf'
[Tue Jul 06 09:46:17.034879 2021] [mpm_event:notice] [pid 1297:tid 4737306048] AH00491: caught SIGTERM, shutting down
AH00558: httpd: Could not reliably determine the server's fully qualified domain name, using sakaguchitakashikounoMacBook-Pro.local. Set the 'ServerName' directive globally to suppress this message
[Tue Jul 06 21:23:25.732595 2021] [mpm_event:notice] [pid 1051:tid 4515941824] AH00489: Apache/2.4.43 (Unix) configured -- resuming normal operations
[Tue Jul 06 21:23:25.733018 2021] [core:notice] [pid 1051:tid 4515941824] AH00094: Command line: '/Users/takayuki/Library/Application Support/Local/lightning-services/apache-2.4.43+6/bin/darwin/bin/httpd -D FOREGROUND -f /Users/takayuki/Library/Application Support/Local/run/oWRLSKAu7/conf/apache/apache2.conf'
[Tue Jul 06 21:58:49.977706 2021] [mpm_event:notice] [pid 1051:tid 4515941824] AH00491: caught SIGTERM, shutting down
AH00558: httpd: Could not reliably determine the server's fully qualified domain name, using sakaguchitakashikounoMacBook-Pro.local. Set the 'ServerName' directive globally to suppress this message
[Wed Jul 07 21:40:08.113260 2021] [mpm_event:notice] [pid 2006:tid 4673289664] AH00489: Apache/2.4.43 (Unix) configured -- resuming normal operations
[Wed Jul 07 21:40:08.113729 2021] [core:notice] [pid 2006:tid 4673289664] AH00094: Command line: '/Users/takayuki/Library/Application Support/Local/lightning-services/apache-2.4.43+6/bin/darwin/bin/httpd -D FOREGROUND -f /Users/takayuki/Library/Application Support/Local/run/oWRLSKAu7/conf/apache/apache2.conf'
[Wed Jul 07 22:10:24.339351 2021] [mpm_event:notice] [pid 2006:tid 4673289664] AH00491: caught SIGTERM, shutting down
AH00558: httpd: Could not reliably determine the server's fully qualified domain name, using sakaguchitakashikounoMacBook-Pro.local. Set the 'ServerName' directive globally to suppress this message
[Thu Jul 08 21:49:15.660444 2021] [mpm_event:notice] [pid 1722:tid 4498156992] AH00489: Apache/2.4.43 (Unix) configured -- resuming normal operations
[Thu Jul 08 21:49:15.660934 2021] [core:notice] [pid 1722:tid 4498156992] AH00094: Command line: '/Users/takayuki/Library/Application Support/Local/lightning-services/apache-2.4.43+6/bin/darwin/bin/httpd -D FOREGROUND -f /Users/takayuki/Library/Application Support/Local/run/oWRLSKAu7/conf/apache/apache2.conf'
[Fri Jul 09 22:25:16.007917 2021] [mpm_event:notice] [pid 1722:tid 4498156992] AH00491: caught SIGTERM, shutting down
AH00558: httpd: Could not reliably determine the server's fully qualified domain name, using sakaguchitakashikounoMacBook-Pro.local. Set the 'ServerName' directive globally to suppress this message
[Tue Jul 13 21:16:48.460806 2021] [mpm_event:notice] [pid 3720:tid 4647980480] AH00489: Apache/2.4.43 (Unix) configured -- resuming normal operations
[Tue Jul 13 21:16:48.461203 2021] [core:notice] [pid 3720:tid 4647980480] AH00094: Command line: '/Users/takayuki/Library/Application Support/Local/lightning-services/apache-2.4.43+6/bin/darwin/bin/httpd -D FOREGROUND -f /Users/takayuki/Library/Application Support/Local/run/oWRLSKAu7/conf/apache/apache2.conf'
[Tue Jul 13 22:42:09.809600 2021] [mpm_event:notice] [pid 3720:tid 4647980480] AH00491: caught SIGTERM, shutting down
AH00558: httpd: Could not reliably determine the server's fully qualified domain name, using sakaguchitakashikounoMacBook-Pro.local. Set the 'ServerName' directive globally to suppress this message
[Wed Jul 14 21:12:50.771214 2021] [mpm_event:notice] [pid 2861:tid 4617215424] AH00489: Apache/2.4.43 (Unix) configured -- resuming normal operations
[Wed Jul 14 21:12:50.771825 2021] [core:notice] [pid 2861:tid 4617215424] AH00094: Command line: '/Users/takayuki/Library/Application Support/Local/lightning-services/apache-2.4.43+6/bin/darwin/bin/httpd -D FOREGROUND -f /Users/takayuki/Library/Application Support/Local/run/oWRLSKAu7/conf/apache/apache2.conf'
